{
  "RSpec": {
    "coverage": {
      "/Users/RileyDNorris/Documents/University/CSCE-431/group-project-pbe-member-point-tracker/spec/memberlist_spec.rb": {
        "lines": [
          1,
          1,
          1,
          null,
          1,
          null,
          1,
          4,
          4,
          4,
          4,
          4,
          4,
          4,
          null,
          null,
          1,
          1,
          null,
          1,
          1,
          1,
          1,
          null,
          1,
          1,
          1,
          null,
          null,
          null,
          1,
          1,
          null,
          1,
          1,
          1,
          1,
          null,
          null,
          1,
          null,
          null,
          1,
          null,
          1,
          1,
          1,
          1,
          null,
          1,
          1,
          1,
          1,
          null,
          null,
          1,
          1,
          1,
          1,
          null,
          1,
          1,
          1,
          null,
          null,
          1,
          1,
          1,
          1,
          null,
          1,
          1,
          1,
          null,
          null,
          1,
          1,
          null,
          null,
          null,
          1,
          1,
          null,
          1,
          1,
          1,
          1,
          null,
          null,
          1,
          null,
          1,
          1,
          null,
          null,
          null,
          1,
          1,
          null,
          1,
          1,
          1,
          1,
          null,
          null,
          1,
          null,
          1,
          1,
          null,
          null,
          null
        ]
      },
      "/Users/RileyDNorris/Documents/University/CSCE-431/group-project-pbe-member-point-tracker/spec/models/attendance_spec.rb": {
        "lines": [
          1,
          null,
          1,
          1,
          null
        ]
      },
      "/Users/RileyDNorris/Documents/University/CSCE-431/group-project-pbe-member-point-tracker/app/models/attendance.rb": {
        "lines": [
          1,
          1,
          null
        ]
      },
      "/Users/RileyDNorris/Documents/University/CSCE-431/group-project-pbe-member-point-tracker/app/models/participation_base.rb": {
        "lines": [
          1,
          1,
          1,
          null
        ]
      },
      "/Users/RileyDNorris/Documents/University/CSCE-431/group-project-pbe-member-point-tracker/app/models/application_record.rb": {
        "lines": [
          1,
          1,
          null
        ]
      },
      "/Users/RileyDNorris/Documents/University/CSCE-431/group-project-pbe-member-point-tracker/spec/models/event_spec.rb": {
        "lines": [
          1,
          null,
          1,
          1,
          null
        ]
      },
      "/Users/RileyDNorris/Documents/University/CSCE-431/group-project-pbe-member-point-tracker/app/models/event.rb": {
        "lines": [
          1,
          1,
          null
        ]
      },
      "/Users/RileyDNorris/Documents/University/CSCE-431/group-project-pbe-member-point-tracker/spec/models/event_user_spec.rb": {
        "lines": [
          1,
          null,
          1,
          1,
          null
        ]
      },
      "/Users/RileyDNorris/Documents/University/CSCE-431/group-project-pbe-member-point-tracker/app/models/customer.rb": {
        "lines": [
          1,
          1,
          1,
          1,
          null
        ]
      },
      "/Users/RileyDNorris/Documents/University/CSCE-431/group-project-pbe-member-point-tracker/spec/requests/static_request_spec.rb": {
        "lines": [
          1,
          null,
          1,
          null,
          null
        ]
      },
      "/Users/RileyDNorris/Documents/University/CSCE-431/group-project-pbe-member-point-tracker/spec/users_spec.rb": {
        "lines": [
          1,
          1,
          1,
          null,
          1,
          null,
          1,
          2,
          2,
          2,
          2,
          2,
          2,
          null,
          null,
          null,
          null,
          1,
          1,
          1,
          1,
          1,
          1,
          1,
          1,
          1,
          null,
          null,
          null,
          1,
          1,
          1,
          1,
          1,
          1,
          1,
          1,
          null,
          1,
          1,
          null,
          null,
          null
        ]
      },
      "/Users/RileyDNorris/Documents/University/CSCE-431/group-project-pbe-member-point-tracker/app/controllers/application_controller.rb": {
        "lines": [
          1,
          1,
          1,
          1,
          null,
          null,
          null,
          1,
          null,
          null,
          1,
          1,
          1,
          1,
          1,
          1,
          null,
          null,
          1,
          94,
          null,
          null,
          1,
          104,
          104,
          null,
          null,
          1,
          65,
          null,
          null,
          null,
          1,
          40,
          null,
          null,
          null,
          1,
          40,
          null,
          null,
          null,
          1,
          14,
          null,
          null,
          null,
          null,
          1,
          0,
          null,
          null
        ]
      },
      "/Users/RileyDNorris/Documents/University/CSCE-431/group-project-pbe-member-point-tracker/app/controllers/users_controller.rb": {
        "lines": [
          1,
          null,
          null,
          1,
          null,
          null,
          1,
          11,
          null,
          null,
          null,
          1,
          9,
          2,
          2,
          7,
          0,
          0,
          null,
          7,
          7,
          7,
          null,
          null,
          null,
          1,
          1,
          null,
          null,
          1,
          0,
          null,
          null,
          1,
          0,
          0,
          0,
          0,
          null,
          0,
          null,
          null,
          0,
          null,
          null,
          null,
          1,
          0,
          0,
          0,
          null,
          0,
          null,
          null,
          null,
          1,
          18,
          null,
          null
        ]
      },
      "/Users/RileyDNorris/Documents/University/CSCE-431/group-project-pbe-member-point-tracker/app/models/user.rb": {
        "lines": [
          1,
          1,
          null
        ]
      },
      "/Users/RileyDNorris/Documents/University/CSCE-431/group-project-pbe-member-point-tracker/app/controllers/home_controller.rb": {
        "lines": [
          1,
          null,
          1,
          null,
          null,
          1,
          13,
          0,
          null,
          null,
          13,
          13,
          null,
          null,
          null,
          1,
          65,
          65,
          null,
          65,
          65,
          null,
          null,
          0,
          null,
          null
        ]
      },
      "/Users/RileyDNorris/Documents/University/CSCE-431/group-project-pbe-member-point-tracker/app/controllers/sessions_controller.rb": {
        "lines": [
          1,
          null,
          null,
          1,
          null,
          null,
          1,
          null,
          null,
          null,
          1,
          5,
          5,
          5,
          5,
          null,
          0,
          0,
          null,
          0,
          null,
          0,
          null,
          null,
          null,
          null,
          1,
          0,
          0,
          null,
          null
        ]
      },
      "/Users/RileyDNorris/Documents/University/CSCE-431/group-project-pbe-member-point-tracker/app/controllers/memberlist_controller.rb": {
        "lines": [
          1,
          null,
          null,
          1,
          14,
          14,
          14,
          14,
          null,
          14,
          2,
          null,
          12,
          null,
          null,
          14,
          null,
          null,
          null,
          1,
          1,
          null,
          null,
          1,
          10,
          4,
          null,
          null,
          10,
          10,
          10,
          10,
          10,
          null,
          null,
          1,
          null,
          14,
          2,
          null,
          2,
          null,
          2,
          2,
          null,
          2,
          null,
          null,
          8,
          null,
          null,
          14,
          0,
          null,
          null,
          null,
          1,
          0,
          0,
          0,
          null,
          null,
          null
        ]
      }
    },
    "timestamp": 1605165681
  }
}
